2025-02-11 15:32:20,891 - INFO - Function 'example_function' executed in 1500.82 ms.
2025-02-11 15:32:21,224 - INFO - Log frequency graph saved to C:\Users\kagon\Documents\GitHub\InsightLog\.insight\log_frequency.png
2025-02-11 15:32:21,354 - INFO - Function execution times graph saved to C:\Users\kagon\Documents\GitHub\InsightLog\.insight\function_execution_times.png
2025-02-11 15:32:57,566 - INFO - Function 'example_function' executed in 1501.54 ms.
2025-02-11 15:32:57,716 - INFO - Log frequency graph saved to C:\Users\kagon\Documents\GitHub\InsightLog\.insight\log_frequency.png
2025-02-11 15:32:57,828 - INFO - Function execution times graph saved to C:\Users\kagon\Documents\GitHub\InsightLog\.insight\function_execution_times.png
2025-02-11 15:35:52,830 - INFO - Function 'example_function' executed in 1501.49 ms.
2025-02-11 15:35:52,830 - INFO - [92m[1mThis is an info log.[0m
2025-02-11 15:35:52,831 - ERROR - [91m[1m[48;5;226mThis is an error log.[0m
2025-02-11 15:35:52,831 - INFO - [92m[1mThis is a success log.[0m
2025-02-11 15:35:52,831 - ERROR - [1;31m[1mThis is a failure log.[0m
2025-02-11 15:35:52,831 - WARNING - [93m[1mThis is a warning log.[0m
2025-02-11 15:35:52,831 - DEBUG - [94mThis is a debug log.[0m
2025-02-11 15:35:52,831 - WARNING - [93m[1mThis is an alert log.[0m
2025-02-11 15:35:52,831 - DEBUG - [96mThis is a trace log.[0m
2025-02-11 15:35:52,831 - INFO - [1;33m[1mThis is a highlight log.[0m
2025-02-11 15:35:52,831 - CRITICAL - [1;41m[1mThis is a critical log.[0m
2025-02-11 15:35:52,983 - INFO - Log frequency graph saved to C:\Users\kagon\Documents\GitHub\InsightLog\.insight\log_frequency.png
2025-02-11 15:35:53,107 - INFO - Function execution times graph saved to C:\Users\kagon\Documents\GitHub\InsightLog\.insight\function_execution_times.png
2025-02-11 15:36:07,469 - INFO - Function 'example_function' executed in 1500.55 ms.
2025-02-11 15:36:07,478 - INFO - [1;33m[1m This is a highlight log.[0m
2025-02-11 15:36:07,641 - INFO - Log frequency graph saved to C:\Users\kagon\Documents\GitHub\InsightLog\.insight\log_frequency.png
2025-02-11 15:36:07,756 - INFO - Function execution times graph saved to C:\Users\kagon\Documents\GitHub\InsightLog\.insight\function_execution_times.png
2025-02-11 15:36:18,066 - INFO - Function 'example_function' executed in 1500.57 ms.
2025-02-11 15:36:18,066 - INFO - [92m[1mThis is an info log.[0m
2025-02-11 15:36:18,066 - ERROR - [91m[1m[48;5;226mThis is an error log.[0m
2025-02-11 15:36:18,066 - INFO - [92m[1mThis is a success log.[0m
2025-02-11 15:36:18,066 - ERROR - [1;31m[1mThis is a failure log.[0m
2025-02-11 15:36:18,067 - WARNING - [93m[1mThis is a warning log.[0m
2025-02-11 15:36:18,067 - DEBUG - [94mThis is a debug log.[0m
2025-02-11 15:36:18,067 - WARNING - [93m[1mThis is an alert log.[0m
2025-02-11 15:36:18,067 - DEBUG - [96mThis is a trace log.[0m
2025-02-11 15:36:18,067 - INFO - [1;33m[1mThis is a highlight log.[0m
2025-02-11 15:36:18,067 - CRITICAL - [1;41m[1mThis is a critical log.[0m
2025-02-11 15:36:18,232 - INFO - Log frequency graph saved to C:\Users\kagon\Documents\GitHub\InsightLog\.insight\log_frequency.png
2025-02-11 15:36:18,395 - INFO - Function execution times graph saved to C:\Users\kagon\Documents\GitHub\InsightLog\.insight\function_execution_times.png
2025-02-11 15:41:02,224 - INFO - Function 'example_function' executed in 1500.66 ms.
2025-02-11 15:41:02,224 - INFO - [92m[1mThis is an info log.[0m
2025-02-11 15:41:02,224 - ERROR - [91m[1m[48;5;226mThis is an error log.[0m
2025-02-11 15:41:02,224 - INFO - [92m[1mThis is a success log.[0m
2025-02-11 15:41:02,225 - ERROR - [1;31m[1mThis is a failure log.[0m
2025-02-11 15:41:02,225 - WARNING - [93m[1mThis is a warning log.[0m
2025-02-11 15:41:02,225 - DEBUG - [94mThis is a debug log.[0m
2025-02-11 15:41:02,225 - WARNING - [93m[1mThis is an alert log.[0m
2025-02-11 15:41:02,225 - DEBUG - [96mThis is a trace log.[0m
2025-02-11 15:41:02,225 - INFO - [1;33m[1mThis is a highlight log.[0m
2025-02-11 15:41:02,225 - CRITICAL - [1;41m[1mThis is a critical log.[0m
2025-02-11 15:41:02,383 - INFO - Log frequency graph saved to C:\Users\kagon\Documents\GitHub\InsightLog\.insight\log_frequency.png
2025-02-11 15:41:02,503 - INFO - Function execution times graph saved to C:\Users\kagon\Documents\GitHub\InsightLog\.insight\function_execution_times.png
